[debug] [2025-10-25T03:54:25.177Z] ----------------------------------------------------------------------
[debug] [2025-10-25T03:54:25.180Z] Command:       /Users/saifulbashar/.nvm/versions/node/v22.16.0/bin/node /Users/saifulbashar/.nvm/versions/node/v22.16.0/bin/firebase init
[debug] [2025-10-25T03:54:25.180Z] CLI Version:   14.22.0
[debug] [2025-10-25T03:54:25.180Z] Platform:      darwin
[debug] [2025-10-25T03:54:25.180Z] Node Version:  v22.16.0
[debug] [2025-10-25T03:54:25.181Z] Time:          Sat Oct 25 2025 09:54:25 GMT+0600 (Bangladesh Standard Time)
[debug] [2025-10-25T03:54:25.181Z] ----------------------------------------------------------------------
[debug] 
[info] 
     ######## #### ########  ######## ########     ###     ######  ########
     ##        ##  ##     ## ##       ##     ##  ##   ##  ##       ##
     ######    ##  ########  ######   ########  #########  ######  ######
     ##        ##  ##    ##  ##       ##     ## ##     ##       ## ##
     ##       #### ##     ## ######## ########  ##     ##  ######  ########

You're about to initialize a Firebase project in this directory:

  /Users/saifulbashar/Desktop/website-builder

Before we get started, keep in mind:

  * You are initializing within an existing Firebase project directory

[debug] [2025-10-25T03:55:14.752Z] ExitPromptError: User force closed the prompt with SIGINT
    at Interface.sigint (/Users/saifulbashar/.nvm/versions/node/v22.16.0/lib/node_modules/firebase-tools/node_modules/@inquirer/core/dist/commonjs/lib/create-prompt.js:101:37)
    at Interface.emit (node:events:518:28)
    at Interface.emit (node:domain:489:12)
    at [_ttyWrite] [as _ttyWrite] (node:internal/readline/interface:1128:18)
    at ReadStream.onkeypress (node:internal/readline/interface:267:20)
    at ReadStream.emit (node:events:530:35)
    at ReadStream.emit (node:domain:489:12)
    at emitKeys (node:internal/readline/utils:370:14)
    at emitKeys.next (<anonymous>)
    at ReadStream.onData (node:internal/readline/emitKeypressEvents:64:36)
[error] 
[error] Error: An unexpected error has occurred.
